<?xml version="1.0" encoding="UTF-8"?>
<!-- Generated by org.testng.reporters.JUnitXMLReporter -->
<testsuite hostname="home-PC" ignored="0" name="Test" tests="4" failures="0" timestamp="29 Jun 2017 02:50:53 GMT" time="100.569" errors="0">
  <testcase name="testVerifyGetCarQuote" time="24.554" classname="scripts.VerifyGetCarQuote"/>
  <testcase name="testVerifyInvalidYearErrMessage" time="6.333" classname="scripts.VerifyInvalidGetCarQuoteWithErrMessages"/>
  <testcase name="testVerifyInvalidAgeErrMessage" time="6.391" classname="scripts.VerifyInvalidGetCarQuoteWithErrMessages"/>
  <testcase name="testVerifyInvalidEmailIDErrMessage" time="6.28" classname="scripts.VerifyInvalidGetCarQuoteWithErrMessages"/>
</testsuite> <!-- Test -->
