<?xml version="1.0" encoding="UTF-8"?>
<!-- Generated by org.testng.reporters.JUnitXMLReporter -->
<testsuite hostname="Aravind-HP" ignored="0" name="Default test" tests="3" failures="0" timestamp="28 Jun 2017 21:26:13 GMT" time="45.859" errors="0">
  <testcase name="testVerifyInvalidYearErrMessage" time="6.492" classname="scripts.VerifyInvalidGetCarQuoteWithErrMessages"/>
  <testcase name="testVerifyInvalidAgeErrMessage" time="6.321" classname="scripts.VerifyInvalidGetCarQuoteWithErrMessages"/>
  <testcase name="testVerifyInvalidEmailIDErrMessage" time="6.497" classname="scripts.VerifyInvalidGetCarQuoteWithErrMessages"/>
</testsuite> <!-- Default test -->
